<?xml version="1.0" encoding="UTF-8"?>
<!-- Generated by org.testng.reporters.JUnitReportReporter -->
<testsuite hostname="DESKTOP-5PUA4L6" failures="0" tests="1" name="com.SauceDemo.TestClasses.T003VerifyAddToCartFunctionality" time="29.435" errors="0" timestamp="2022-08-04T22:18:15 IST" skipped="0">
  <testcase classname="com.SauceDemo.TestClasses.T003VerifyAddToCartFunctionality" name="singleProductAddToCartFunctionality" time="29.435"/>
  <system-out/>
</testsuite> <!-- com.SauceDemo.TestClasses.T003VerifyAddToCartFunctionality -->
